<?xml version="1.0" encoding="UTF-8"?>
<!-- Generated by org.testng.reporters.JUnitReportReporter -->
<testsuite hostname="BOL-LT-220901C" failures="0" tests="1" name="request_parameters.Request_Parameters" time="2.287" errors="0" timestamp="2022-09-20T09:19:40 BOT" skipped="0">
  <testcase classname="request_parameters.Request_Parameters" name="handling_form_parameter" time="2.287"/>
  <system-out/>
</testsuite> <!-- request_parameters.Request_Parameters -->
