<?xml version="1.0" encoding="UTF-8"?>
<!-- Generated by org.testng.reporters.JUnitReportReporter -->
<testsuite hostname="BOL-LT-220901C" failures="0" tests="1" name="post_put_delete.Post_Put_Delete" time="3.003" errors="0" timestamp="2022-09-19T19:54:35 BOT" skipped="0">
  <testcase classname="post_put_delete.Post_Put_Delete" name="delete_request" time="3.003"/>
  <system-out/>
</testsuite> <!-- post_put_delete.Post_Put_Delete -->
