<?xml version="1.0" encoding="UTF-8"?>
<!-- Generated by org.testng.reporters.JUnitReportReporter -->
<testsuite hostname="BOL-LT-220901C" failures="0" tests="1" name="headers_and_cookies.Headers_And_Cookies" time="2.018" errors="0" timestamp="2022-09-20T10:03:11 BOT" skipped="0">
  <testcase classname="headers_and_cookies.Headers_And_Cookies" name="extracting_all_response_cookies" time="2.018"/>
  <system-out/>
</testsuite> <!-- headers_and_cookies.Headers_And_Cookies -->
