<?xml version="1.0" encoding="UTF-8"?>
<!-- Generated by org.testng.reporters.JUnitReportReporter -->
<testsuite hostname="BOL-LT-220901C" failures="0" tests="1" name="authentication.Authentication" time="1.871" errors="0" timestamp="2022-09-20T15:11:14 BOT" skipped="0">
  <testcase classname="authentication.Authentication" name="digest_authentication" time="1.871"/>
  <system-out/>
</testsuite> <!-- authentication.Authentication -->
