<?xml version="1.0" encoding="UTF-8"?>
<!-- Generated by org.testng.reporters.JUnitReportReporter -->
<testsuite hostname="BOL-LT-220901C" failures="0" tests="1" name="rest_logging.Rest_Logging" time="1.785" errors="0" timestamp="2022-09-19T21:25:12 BOT" skipped="0">
  <testcase classname="rest_logging.Rest_Logging" name="log_if_validation_fails" time="1.785"/>
  <system-out/>
</testsuite> <!-- rest_logging.Rest_Logging -->
